2023-06-30 19:04:14,402  INFO [main] Library:35 - ****************chrome browser launched*****
2023-06-30 19:04:21,276  INFO [main] Library:48 - ****************Application launched*****
2023-06-30 19:04:25,730 DEBUG [main] cache:44 - Couldn't find template in cache for "spark/spark.spa.ftl"("en_AU", UTF-8, parsed); will try to load it.
2023-06-30 19:04:25,732 DEBUG [main] cache:44 - TemplateLoader.findTemplateSource("spark/spark.spa_en_AU.ftl"): Not found
2023-06-30 19:04:25,736 DEBUG [main] cache:44 - TemplateLoader.findTemplateSource("spark/spark.spa_en.ftl"): Not found
2023-06-30 19:04:25,738 DEBUG [main] cache:44 - TemplateLoader.findTemplateSource("spark/spark.spa.ftl"): Found
2023-06-30 19:04:25,738 DEBUG [main] cache:44 - Loading template for "spark/spark.spa.ftl"("en_AU", UTF-8, parsed) from "jar:file:/C:/Users/Dell/.m2/repository/com/aventstack/extentreports/4.1.5/extentreports-4.1.5.jar!/com/aventstack/extentreports/view/spark/spark.spa.ftl"
2023-06-30 19:04:26,141 DEBUG [main] cache:44 - Couldn't find template in cache for "commons/commons-variables.ftl"("en_AU", UTF-8, parsed); will try to load it.
2023-06-30 19:04:26,141 DEBUG [main] cache:44 - TemplateLoader.findTemplateSource("commons/commons-variables_en_AU.ftl"): Not found
2023-06-30 19:04:26,142 DEBUG [main] cache:44 - TemplateLoader.findTemplateSource("commons/commons-variables_en.ftl"): Not found
2023-06-30 19:04:26,142 DEBUG [main] cache:44 - TemplateLoader.findTemplateSource("commons/commons-variables.ftl"): Found
2023-06-30 19:04:26,143 DEBUG [main] cache:44 - Loading template for "commons/commons-variables.ftl"("en_AU", UTF-8, parsed) from "jar:file:/C:/Users/Dell/.m2/repository/com/aventstack/extentreports/4.1.5/extentreports-4.1.5.jar!/com/aventstack/extentreports/view/commons/commons-variables.ftl"
2023-06-30 19:04:26,215 DEBUG [main] cache:44 - Couldn't find template in cache for "commons/commons-macros.ftl"("en_AU", UTF-8, parsed); will try to load it.
2023-06-30 19:04:26,216 DEBUG [main] cache:44 - TemplateLoader.findTemplateSource("commons/commons-macros_en_AU.ftl"): Not found
2023-06-30 19:04:26,217 DEBUG [main] cache:44 - TemplateLoader.findTemplateSource("commons/commons-macros_en.ftl"): Not found
2023-06-30 19:04:26,218 DEBUG [main] cache:44 - TemplateLoader.findTemplateSource("commons/commons-macros.ftl"): Found
2023-06-30 19:04:26,221 DEBUG [main] cache:44 - Loading template for "commons/commons-macros.ftl"("en_AU", UTF-8, parsed) from "jar:file:/C:/Users/Dell/.m2/repository/com/aventstack/extentreports/4.1.5/extentreports-4.1.5.jar!/com/aventstack/extentreports/view/commons/commons-macros.ftl"
2023-06-30 19:04:26,236 DEBUG [main] cache:44 - Couldn't find template in cache for "spark/macros/attributes.ftl"("en_AU", UTF-8, parsed); will try to load it.
2023-06-30 19:04:26,237 DEBUG [main] cache:44 - TemplateLoader.findTemplateSource("spark/macros/attributes_en_AU.ftl"): Not found
2023-06-30 19:04:26,238 DEBUG [main] cache:44 - TemplateLoader.findTemplateSource("spark/macros/attributes_en.ftl"): Not found
2023-06-30 19:04:26,239 DEBUG [main] cache:44 - TemplateLoader.findTemplateSource("spark/macros/attributes.ftl"): Found
2023-06-30 19:04:26,240 DEBUG [main] cache:44 - Loading template for "spark/macros/attributes.ftl"("en_AU", UTF-8, parsed) from "jar:file:/C:/Users/Dell/.m2/repository/com/aventstack/extentreports/4.1.5/extentreports-4.1.5.jar!/com/aventstack/extentreports/view/spark/macros/attributes.ftl"
2023-06-30 19:04:26,242 DEBUG [main] cache:44 - Couldn't find template in cache for "spark/macros/log.ftl"("en_AU", UTF-8, parsed); will try to load it.
2023-06-30 19:04:26,244 DEBUG [main] cache:44 - TemplateLoader.findTemplateSource("spark/macros/log_en_AU.ftl"): Not found
2023-06-30 19:04:26,244 DEBUG [main] cache:44 - TemplateLoader.findTemplateSource("spark/macros/log_en.ftl"): Not found
2023-06-30 19:04:26,245 DEBUG [main] cache:44 - TemplateLoader.findTemplateSource("spark/macros/log.ftl"): Found
2023-06-30 19:04:26,245 DEBUG [main] cache:44 - Loading template for "spark/macros/log.ftl"("en_AU", UTF-8, parsed) from "jar:file:/C:/Users/Dell/.m2/repository/com/aventstack/extentreports/4.1.5/extentreports-4.1.5.jar!/com/aventstack/extentreports/view/spark/macros/log.ftl"
2023-06-30 19:04:26,248 DEBUG [main] cache:44 - Couldn't find template in cache for "spark/macros/recurse_nodes.ftl"("en_AU", UTF-8, parsed); will try to load it.
2023-06-30 19:04:26,249 DEBUG [main] cache:44 - TemplateLoader.findTemplateSource("spark/macros/recurse_nodes_en_AU.ftl"): Not found
2023-06-30 19:04:26,250 DEBUG [main] cache:44 - TemplateLoader.findTemplateSource("spark/macros/recurse_nodes_en.ftl"): Not found
2023-06-30 19:04:26,251 DEBUG [main] cache:44 - TemplateLoader.findTemplateSource("spark/macros/recurse_nodes.ftl"): Found
2023-06-30 19:04:26,252 DEBUG [main] cache:44 - Loading template for "spark/macros/recurse_nodes.ftl"("en_AU", UTF-8, parsed) from "jar:file:/C:/Users/Dell/.m2/repository/com/aventstack/extentreports/4.1.5/extentreports-4.1.5.jar!/com/aventstack/extentreports/view/spark/macros/recurse_nodes.ftl"
2023-06-30 19:04:26,254 DEBUG [main] cache:44 - "spark/macros/log.ftl"("en_AU", UTF-8, parsed) cached copy not yet stale; using cached.
2023-06-30 19:04:26,260 DEBUG [main] cache:44 - Couldn't find template in cache for "spark/partials/head.ftl"("en_AU", UTF-8, parsed); will try to load it.
2023-06-30 19:04:26,261 DEBUG [main] cache:44 - TemplateLoader.findTemplateSource("spark/partials/head_en_AU.ftl"): Not found
2023-06-30 19:04:26,262 DEBUG [main] cache:44 - TemplateLoader.findTemplateSource("spark/partials/head_en.ftl"): Not found
2023-06-30 19:04:26,263 DEBUG [main] cache:44 - TemplateLoader.findTemplateSource("spark/partials/head.ftl"): Found
2023-06-30 19:04:26,263 DEBUG [main] cache:44 - Loading template for "spark/partials/head.ftl"("en_AU", UTF-8, parsed) from "jar:file:/C:/Users/Dell/.m2/repository/com/aventstack/extentreports/4.1.5/extentreports-4.1.5.jar!/com/aventstack/extentreports/view/spark/partials/head.ftl"
2023-06-30 19:04:26,267 DEBUG [main] cache:44 - Couldn't find template in cache for "commons/commons-inject-css.ftl"("en_AU", UTF-8, parsed); will try to load it.
2023-06-30 19:04:26,268 DEBUG [main] cache:44 - TemplateLoader.findTemplateSource("commons/commons-inject-css_en_AU.ftl"): Not found
2023-06-30 19:04:26,269 DEBUG [main] cache:44 - TemplateLoader.findTemplateSource("commons/commons-inject-css_en.ftl"): Not found
2023-06-30 19:04:26,269 DEBUG [main] cache:44 - TemplateLoader.findTemplateSource("commons/commons-inject-css.ftl"): Found
2023-06-30 19:04:26,270 DEBUG [main] cache:44 - Loading template for "commons/commons-inject-css.ftl"("en_AU", UTF-8, parsed) from "jar:file:/C:/Users/Dell/.m2/repository/com/aventstack/extentreports/4.1.5/extentreports-4.1.5.jar!/com/aventstack/extentreports/view/commons/commons-inject-css.ftl"
2023-06-30 19:04:26,272 DEBUG [main] cache:44 - Couldn't find template in cache for "spark/partials/navbar.ftl"("en_AU", UTF-8, parsed); will try to load it.
2023-06-30 19:04:26,273 DEBUG [main] cache:44 - TemplateLoader.findTemplateSource("spark/partials/navbar_en_AU.ftl"): Not found
2023-06-30 19:04:26,274 DEBUG [main] cache:44 - TemplateLoader.findTemplateSource("spark/partials/navbar_en.ftl"): Not found
2023-06-30 19:04:26,274 DEBUG [main] cache:44 - TemplateLoader.findTemplateSource("spark/partials/navbar.ftl"): Found
2023-06-30 19:04:26,275 DEBUG [main] cache:44 - Loading template for "spark/partials/navbar.ftl"("en_AU", UTF-8, parsed) from "jar:file:/C:/Users/Dell/.m2/repository/com/aventstack/extentreports/4.1.5/extentreports-4.1.5.jar!/com/aventstack/extentreports/view/spark/partials/navbar.ftl"
2023-06-30 19:04:26,290 DEBUG [main] cache:44 - Couldn't find template in cache for "spark/partials/sidenav.ftl"("en_AU", UTF-8, parsed); will try to load it.
2023-06-30 19:04:26,291 DEBUG [main] cache:44 - TemplateLoader.findTemplateSource("spark/partials/sidenav_en_AU.ftl"): Not found
2023-06-30 19:04:26,292 DEBUG [main] cache:44 - TemplateLoader.findTemplateSource("spark/partials/sidenav_en.ftl"): Not found
2023-06-30 19:04:26,293 DEBUG [main] cache:44 - TemplateLoader.findTemplateSource("spark/partials/sidenav.ftl"): Found
2023-06-30 19:04:26,294 DEBUG [main] cache:44 - Loading template for "spark/partials/sidenav.ftl"("en_AU", UTF-8, parsed) from "jar:file:/C:/Users/Dell/.m2/repository/com/aventstack/extentreports/4.1.5/extentreports-4.1.5.jar!/com/aventstack/extentreports/view/spark/partials/sidenav.ftl"
2023-06-30 19:04:26,297 DEBUG [main] cache:44 - Couldn't find template in cache for "spark/partials/test.ftl"("en_AU", UTF-8, parsed); will try to load it.
2023-06-30 19:04:26,298 DEBUG [main] cache:44 - TemplateLoader.findTemplateSource("spark/partials/test_en_AU.ftl"): Not found
2023-06-30 19:04:26,299 DEBUG [main] cache:44 - TemplateLoader.findTemplateSource("spark/partials/test_en.ftl"): Not found
2023-06-30 19:04:26,300 DEBUG [main] cache:44 - TemplateLoader.findTemplateSource("spark/partials/test.ftl"): Found
2023-06-30 19:04:26,300 DEBUG [main] cache:44 - Loading template for "spark/partials/test.ftl"("en_AU", UTF-8, parsed) from "jar:file:/C:/Users/Dell/.m2/repository/com/aventstack/extentreports/4.1.5/extentreports-4.1.5.jar!/com/aventstack/extentreports/view/spark/partials/test.ftl"
2023-06-30 19:04:26,340 DEBUG [main] cache:44 - Couldn't find template in cache for "spark/partials/bdd-content.ftl"("en_AU", UTF-8, parsed); will try to load it.
2023-06-30 19:04:26,341 DEBUG [main] cache:44 - TemplateLoader.findTemplateSource("spark/partials/bdd-content_en_AU.ftl"): Not found
2023-06-30 19:04:26,342 DEBUG [main] cache:44 - TemplateLoader.findTemplateSource("spark/partials/bdd-content_en.ftl"): Not found
2023-06-30 19:04:26,343 DEBUG [main] cache:44 - TemplateLoader.findTemplateSource("spark/partials/bdd-content.ftl"): Found
2023-06-30 19:04:26,344 DEBUG [main] cache:44 - Loading template for "spark/partials/bdd-content.ftl"("en_AU", UTF-8, parsed) from "jar:file:/C:/Users/Dell/.m2/repository/com/aventstack/extentreports/4.1.5/extentreports-4.1.5.jar!/com/aventstack/extentreports/view/spark/partials/bdd-content.ftl"
2023-06-30 19:04:26,397 DEBUG [main] cache:44 - Couldn't find template in cache for "spark/partials/tag.ftl"("en_AU", UTF-8, parsed); will try to load it.
2023-06-30 19:04:26,398 DEBUG [main] cache:44 - TemplateLoader.findTemplateSource("spark/partials/tag_en_AU.ftl"): Not found
2023-06-30 19:04:26,399 DEBUG [main] cache:44 - TemplateLoader.findTemplateSource("spark/partials/tag_en.ftl"): Not found
2023-06-30 19:04:26,400 DEBUG [main] cache:44 - TemplateLoader.findTemplateSource("spark/partials/tag.ftl"): Found
2023-06-30 19:04:26,400 DEBUG [main] cache:44 - Loading template for "spark/partials/tag.ftl"("en_AU", UTF-8, parsed) from "jar:file:/C:/Users/Dell/.m2/repository/com/aventstack/extentreports/4.1.5/extentreports-4.1.5.jar!/com/aventstack/extentreports/view/spark/partials/tag.ftl"
2023-06-30 19:04:26,408 DEBUG [main] cache:44 - Couldn't find template in cache for "spark/partials/exception.ftl"("en_AU", UTF-8, parsed); will try to load it.
2023-06-30 19:04:26,410 DEBUG [main] cache:44 - TemplateLoader.findTemplateSource("spark/partials/exception_en_AU.ftl"): Not found
2023-06-30 19:04:26,410 DEBUG [main] cache:44 - TemplateLoader.findTemplateSource("spark/partials/exception_en.ftl"): Not found
2023-06-30 19:04:26,411 DEBUG [main] cache:44 - TemplateLoader.findTemplateSource("spark/partials/exception.ftl"): Found
2023-06-30 19:04:26,411 DEBUG [main] cache:44 - Loading template for "spark/partials/exception.ftl"("en_AU", UTF-8, parsed) from "jar:file:/C:/Users/Dell/.m2/repository/com/aventstack/extentreports/4.1.5/extentreports-4.1.5.jar!/com/aventstack/extentreports/view/spark/partials/exception.ftl"
2023-06-30 19:04:26,419 DEBUG [main] cache:44 - Couldn't find template in cache for "spark/partials/dashboard.ftl"("en_AU", UTF-8, parsed); will try to load it.
2023-06-30 19:04:26,420 DEBUG [main] cache:44 - TemplateLoader.findTemplateSource("spark/partials/dashboard_en_AU.ftl"): Not found
2023-06-30 19:04:26,421 DEBUG [main] cache:44 - TemplateLoader.findTemplateSource("spark/partials/dashboard_en.ftl"): Not found
2023-06-30 19:04:26,422 DEBUG [main] cache:44 - TemplateLoader.findTemplateSource("spark/partials/dashboard.ftl"): Found
2023-06-30 19:04:26,422 DEBUG [main] cache:44 - Loading template for "spark/partials/dashboard.ftl"("en_AU", UTF-8, parsed) from "jar:file:/C:/Users/Dell/.m2/repository/com/aventstack/extentreports/4.1.5/extentreports-4.1.5.jar!/com/aventstack/extentreports/view/spark/partials/dashboard.ftl"
2023-06-30 19:04:26,476 DEBUG [main] cache:44 - Couldn't find template in cache for "spark/partials/scripts.ftl"("en_AU", UTF-8, parsed); will try to load it.
2023-06-30 19:04:26,478 DEBUG [main] cache:44 - TemplateLoader.findTemplateSource("spark/partials/scripts_en_AU.ftl"): Not found
2023-06-30 19:04:26,479 DEBUG [main] cache:44 - TemplateLoader.findTemplateSource("spark/partials/scripts_en.ftl"): Not found
2023-06-30 19:04:26,479 DEBUG [main] cache:44 - TemplateLoader.findTemplateSource("spark/partials/scripts.ftl"): Found
2023-06-30 19:04:26,480 DEBUG [main] cache:44 - Loading template for "spark/partials/scripts.ftl"("en_AU", UTF-8, parsed) from "jar:file:/C:/Users/Dell/.m2/repository/com/aventstack/extentreports/4.1.5/extentreports-4.1.5.jar!/com/aventstack/extentreports/view/spark/partials/scripts.ftl"
2023-06-30 19:04:26,483 DEBUG [main] cache:44 - Couldn't find template in cache for "commons/commons-inject-js.ftl"("en_AU", UTF-8, parsed); will try to load it.
2023-06-30 19:04:26,484 DEBUG [main] cache:44 - TemplateLoader.findTemplateSource("commons/commons-inject-js_en_AU.ftl"): Not found
2023-06-30 19:04:26,486 DEBUG [main] cache:44 - TemplateLoader.findTemplateSource("commons/commons-inject-js_en.ftl"): Not found
2023-06-30 19:04:26,487 DEBUG [main] cache:44 - TemplateLoader.findTemplateSource("commons/commons-inject-js.ftl"): Found
2023-06-30 19:04:26,487 DEBUG [main] cache:44 - Loading template for "commons/commons-inject-js.ftl"("en_AU", UTF-8, parsed) from "jar:file:/C:/Users/Dell/.m2/repository/com/aventstack/extentreports/4.1.5/extentreports-4.1.5.jar!/com/aventstack/extentreports/view/commons/commons-inject-js.ftl"
